<?xml version="1.0" encoding="UTF-8"?>
<!-- Generated by org.testng.reporters.JUnitReportReporter -->
<testsuite skipped="1" hostname="DESKTOP-P02QDB4" name="Academy.ValidateTest" tests="2" failures="0" timestamp="2020-05-10T08:49:36 IST" time="15.253" errors="1">
  <testcase name="Validate" time="0.000" classname="Academy.ValidateTest">
    <skipped/>
  </testcase> <!-- Validate -->
  <system-out/>
  <testcase name="bf" time="15.253" classname="Academy.ValidateTest">
    <error type="org.openqa.selenium.SessionNotCreatedException" message="session not created
from chrome not reachable
  (Session info: chrome=81.0.4044.138)
Build info: version: &#039;3.141.59&#039;, revision: &#039;e82be7d358&#039;, time: &#039;2018-11-14T08:17:03&#039;
System info: host: &#039;DESKTOP-P02QDB4&#039;, ip: &#039;192.168.225.29&#039;, os.name: &#039;Windows 10&#039;, os.arch: &#039;amd64&#039;, os.version: &#039;10.0&#039;, java.version: &#039;1.8.0_221&#039;
Driver info: driver.version: ChromeDriver
remote stacktrace: Backtrace:
	Ordinal0 [0x00AF5F73+2449267]
	Ordinal0 [0x00A28361+1606497]
	Ordinal0 [0x0091F812+522258]
	Ordinal0 [0x009195B2+497074]
	Ordinal0 [0x00919C9B+498843]
	Ordinal0 [0x0091ABF5+502773]
	Ordinal0 [0x00916724+485156]
	Ordinal0 [0x00920600+525824]
	Ordinal0 [0x008CCBB9+183225]
	Ordinal0 [0x008CBF2D+180013]
	Ordinal0 [0x008C9E5B+171611]
	Ordinal0 [0x008B1DD8+73176]
	Ordinal0 [0x008B2E50+77392]
	Ordinal0 [0x008B2DE9+77289]
	Ordinal0 [0x00A3D8D7+1693911]
	GetHandleVerifier [0x00B94036+522726]
	GetHandleVerifier [0x00B93D74+522020]
	GetHandleVerifier [0x00BA9187+609079]
	GetHandleVerifier [0x00B948A6+524886]
	Ordinal0 [0x00A35CBC+1662140]
	Ordinal0 [0x00A3F23B+1700411]
	Ordinal0 [0x00A3F3A3+1700771]
	Ordinal0 [0x00A55215+1790485]
	BaseThreadInitThunk [0x77856359+25]
	RtlGetAppContainerNamedObjectPath [0x77997C14+228]
	RtlGetAppContainerNamedObjectPath [0x77997BE4+180]
">
      <![CDATA[org.openqa.selenium.SessionNotCreatedException: session not created
from chrome not reachable
  (Session info: chrome=81.0.4044.138)
Build info: version: '3.141.59', revision: 'e82be7d358', time: '2018-11-14T08:17:03'
System info: host: 'DESKTOP-P02QDB4', ip: '192.168.225.29', os.name: 'Windows 10', os.arch: 'amd64', os.version: '10.0', java.version: '1.8.0_221'
Driver info: driver.version: ChromeDriver
remote stacktrace: Backtrace:
Ordinal0 [0x00AF5F73+2449267]
Ordinal0 [0x00A28361+1606497]
Ordinal0 [0x0091F812+522258]
Ordinal0 [0x009195B2+497074]
Ordinal0 [0x00919C9B+498843]
Ordinal0 [0x0091ABF5+502773]
Ordinal0 [0x00916724+485156]
Ordinal0 [0x00920600+525824]
Ordinal0 [0x008CCBB9+183225]
Ordinal0 [0x008CBF2D+180013]
Ordinal0 [0x008C9E5B+171611]
Ordinal0 [0x008B1DD8+73176]
Ordinal0 [0x008B2E50+77392]
Ordinal0 [0x008B2DE9+77289]
Ordinal0 [0x00A3D8D7+1693911]
GetHandleVerifier [0x00B94036+522726]
GetHandleVerifier [0x00B93D74+522020]
GetHandleVerifier [0x00BA9187+609079]
GetHandleVerifier [0x00B948A6+524886]
Ordinal0 [0x00A35CBC+1662140]
Ordinal0 [0x00A3F23B+1700411]
Ordinal0 [0x00A3F3A3+1700771]
Ordinal0 [0x00A55215+1790485]
BaseThreadInitThunk [0x77856359+25]
RtlGetAppContainerNamedObjectPath [0x77997C14+228]
RtlGetAppContainerNamedObjectPath [0x77997BE4+180]

at sun.reflect.NativeConstructorAccessorImpl.newInstance0(Native Method)
at sun.reflect.NativeConstructorAccessorImpl.newInstance(NativeConstructorAccessorImpl.java:62)
at sun.reflect.DelegatingConstructorAccessorImpl.newInstance(DelegatingConstructorAccessorImpl.java:45)
at java.lang.reflect.Constructor.newInstance(Constructor.java:423)
at org.openqa.selenium.remote.W3CHandshakeResponse.lambda$errorHandler$0(W3CHandshakeResponse.java:62)
at org.openqa.selenium.remote.HandshakeResponse.lambda$getResponseFunction$0(HandshakeResponse.java:30)
at org.openqa.selenium.remote.ProtocolHandshake.lambda$createSession$0(ProtocolHandshake.java:126)
at java.util.stream.ReferencePipeline$3$1.accept(ReferencePipeline.java:193)
at java.util.Spliterators$ArraySpliterator.tryAdvance(Spliterators.java:958)
at java.util.stream.ReferencePipeline.forEachWithCancel(ReferencePipeline.java:126)
at java.util.stream.AbstractPipeline.copyIntoWithCancel(AbstractPipeline.java:499)
at java.util.stream.AbstractPipeline.copyInto(AbstractPipeline.java:486)
at java.util.stream.AbstractPipeline.wrapAndCopyInto(AbstractPipeline.java:472)
at java.util.stream.FindOps$FindOp.evaluateSequential(FindOps.java:152)
at java.util.stream.AbstractPipeline.evaluate(AbstractPipeline.java:234)
at java.util.stream.ReferencePipeline.findFirst(ReferencePipeline.java:464)
at org.openqa.selenium.remote.ProtocolHandshake.createSession(ProtocolHandshake.java:128)
at org.openqa.selenium.remote.ProtocolHandshake.createSession(ProtocolHandshake.java:74)
at org.openqa.selenium.remote.HttpCommandExecutor.execute(HttpCommandExecutor.java:136)
at org.openqa.selenium.remote.service.DriverCommandExecutor.execute(DriverCommandExecutor.java:83)
at org.openqa.selenium.remote.RemoteWebDriver.execute(RemoteWebDriver.java:552)
at org.openqa.selenium.remote.RemoteWebDriver.startSession(RemoteWebDriver.java:213)
at org.openqa.selenium.remote.RemoteWebDriver.<init>(RemoteWebDriver.java:131)
at org.openqa.selenium.chrome.ChromeDriver.<init>(ChromeDriver.java:181)
at org.openqa.selenium.chrome.ChromeDriver.<init>(ChromeDriver.java:168)
at org.openqa.selenium.chrome.ChromeDriver.<init>(ChromeDriver.java:123)
at Academy.base.Intialization(base.java:56)
at Academy.ValidateTest.bf(ValidateTest.java:23)
at sun.reflect.NativeMethodAccessorImpl.invoke0(Native Method)
at sun.reflect.NativeMethodAccessorImpl.invoke(NativeMethodAccessorImpl.java:62)
at sun.reflect.DelegatingMethodAccessorImpl.invoke(DelegatingMethodAccessorImpl.java:43)
at java.lang.reflect.Method.invoke(Method.java:498)
at org.testng.internal.MethodInvocationHelper.invokeMethod(MethodInvocationHelper.java:134)
at org.testng.internal.MethodInvocationHelper.invokeMethodConsideringTimeout(MethodInvocationHelper.java:63)
at org.testng.internal.ConfigInvoker.invokeConfigurationMethod(ConfigInvoker.java:348)
at org.testng.internal.ConfigInvoker.invokeConfigurations(ConfigInvoker.java:302)
at org.testng.TestRunner.invokeTestConfigurations(TestRunner.java:619)
at org.testng.TestRunner.beforeRun(TestRunner.java:609)
at org.testng.TestRunner.run(TestRunner.java:580)
at org.testng.SuiteRunner.runTest(SuiteRunner.java:384)
at org.testng.SuiteRunner.access$000(SuiteRunner.java:28)
at org.testng.SuiteRunner$SuiteWorker.run(SuiteRunner.java:425)
at org.testng.internal.thread.ThreadUtil.lambda$execute$0(ThreadUtil.java:68)
at java.util.concurrent.FutureTask.run(FutureTask.java:266)
at java.util.concurrent.ThreadPoolExecutor.runWorker(ThreadPoolExecutor.java:1149)
at java.util.concurrent.ThreadPoolExecutor$Worker.run(ThreadPoolExecutor.java:624)
at java.lang.Thread.run(Thread.java:748)
]]>
    </error>
  </testcase> <!-- bf -->
  <system-out/>
</testsuite> <!-- Academy.ValidateTest -->
